Sun Apr 09 2017 22:06:03 GMT-0700 (PDT): GET /
Sun Apr 09 2017 22:11:49 GMT-0700 (PDT): GET /
Sun Apr 09 2017 22:12:01 GMT-0700 (PDT): GET /
Sun Apr 09 2017 22:12:25 GMT-0700 (PDT): GET /
Sun Apr 09 2017 22:12:32 GMT-0700 (PDT): GET /about
Sun Apr 09 2017 22:12:33 GMT-0700 (PDT): GET /
Sun Apr 09 2017 22:13:35 GMT-0700 (PDT): GET /
Sun Apr 09 2017 22:13:44 GMT-0700 (PDT): GET /
Sun Apr 09 2017 22:14:18 GMT-0700 (PDT): GET /
Sun Apr 09 2017 22:14:32 GMT-0700 (PDT): GET /
Sun Apr 09 2017 22:14:58 GMT-0700 (PDT): GET /about
Sun Apr 09 2017 22:15:01 GMT-0700 (PDT): GET /
Sun Apr 09 2017 22:15:23 GMT-0700 (PDT): GET /help
Sun Apr 09 2017 22:15:28 GMT-0700 (PDT): GET /help/html
Sun Apr 09 2017 22:16:13 GMT-0700 (PDT): GET /help.html
Mon Apr 10 2017 20:51:04 GMT-0700 (PDT): GET /
Mon Apr 10 2017 20:56:05 GMT-0700 (PDT): GET /
Mon Apr 10 2017 20:56:18 GMT-0700 (PDT): GET /
Mon Apr 10 2017 20:56:27 GMT-0700 (PDT): GET /
Mon Apr 10 2017 20:56:29 GMT-0700 (PDT): GET /
Mon Apr 10 2017 20:57:03 GMT-0700 (PDT): GET /
